2022-02-07 16:05:42 INFO [GITHUB] file "job.json" successfully uploaded to github.
2022-02-07 16:05:43 INFO [GDRIVE] file "job.json" uploaded to Google Drive.
2022-02-07 16:06:22 INFO [DATASET] Fold 0 loaded
2022-02-07 16:06:23 DEBUG [DATASET] apply: load_jpg
2022-02-07 16:06:23 DEBUG [DATASET] Example shape (X, y): (128, 128, 3), ()
2022-02-07 16:06:23 DEBUG [DATASET] apply: one_hot
2022-02-07 16:06:23 DEBUG [DATASET] Example shape (X, y): (128, 128, 3), (3,)
2022-02-07 16:06:24 DEBUG [DATASET] apply: shuffle
2022-02-07 16:06:24 DEBUG [DATASET] Example shape (X, y): (128, 128, 3), (3,)
2022-02-07 16:06:27 DEBUG [DATASET] apply: batch
2022-02-07 16:06:27 DEBUG [DATASET] Example shape (X, y): (64, 128, 128, 3), (64, 3)
2022-02-07 16:06:28 DEBUG [DATASET] apply: batch
2022-02-07 16:06:28 DEBUG [DATASET] Test example shape (X, y): (64, 128, 128, 3), (64, 3)
2022-02-07 16:11:19 INFO [GITHUB] file "job.json" successfully uploaded to github.
2022-02-07 16:11:19 INFO [GDRIVE] file "job.json" uploaded to Google Drive.
2022-02-07 16:11:20 INFO [DATASET] Fold 0 loaded
2022-02-07 16:11:20 DEBUG [DATASET] apply: load_jpg
2022-02-07 16:11:20 DEBUG [DATASET] Example shape (X, y): (128, 128, 3), ()
2022-02-07 16:11:20 DEBUG [DATASET] apply: one_hot
2022-02-07 16:11:20 DEBUG [DATASET] Example shape (X, y): (128, 128, 3), (3,)
2022-02-07 16:11:24 DEBUG [DATASET] apply: shuffle
2022-02-07 16:11:24 DEBUG [DATASET] Example shape (X, y): (128, 128, 3), (3,)
2022-02-07 16:11:29 DEBUG [DATASET] apply: batch
2022-02-07 16:11:29 DEBUG [DATASET] Example shape (X, y): (64, 128, 128, 3), (64, 3)
2022-02-07 16:11:30 DEBUG [DATASET] apply: batch
2022-02-07 16:11:30 DEBUG [DATASET] Test example shape (X, y): (64, 128, 128, 3), (64, 3)
2022-02-07 16:12:33 INFO [GITHUB] file "job.json" successfully uploaded to github.
2022-02-07 16:12:33 INFO [GDRIVE] file "job.json" uploaded to Google Drive.
2022-02-07 16:12:34 INFO [DATASET] Fold 0 loaded
2022-02-07 16:12:34 DEBUG [DATASET] apply: load_jpg
2022-02-07 16:12:34 DEBUG [DATASET] Example shape (X, y): (128, 128, 3), ()
2022-02-07 16:12:34 DEBUG [DATASET] apply: one_hot
2022-02-07 16:12:34 DEBUG [DATASET] Example shape (X, y): (128, 128, 3), (3,)
2022-02-07 16:12:36 DEBUG [DATASET] apply: shuffle
2022-02-07 16:12:36 DEBUG [DATASET] Example shape (X, y): (128, 128, 3), (3,)
2022-02-07 16:12:38 DEBUG [DATASET] apply: batch
2022-02-07 16:12:38 DEBUG [DATASET] Example shape (X, y): (64, 128, 128, 3), (64, 3)
2022-02-07 16:12:39 DEBUG [DATASET] apply: batch
2022-02-07 16:12:39 DEBUG [DATASET] Test example shape (X, y): (64, 128, 128, 3), (64, 3)
2022-02-07 16:26:50 INFO [GITHUB] file "job.json" successfully uploaded to github.
2022-02-07 16:26:50 INFO [GDRIVE] file "job.json" uploaded to Google Drive.
2022-02-07 16:26:51 INFO [DATASET] Fold 0 loaded
2022-02-07 16:26:51 DEBUG [DATASET] apply: load_jpg
2022-02-07 16:26:51 DEBUG [DATASET] Example shape (X, y): (128, 128, 3), ()
2022-02-07 16:26:51 DEBUG [DATASET] apply: one_hot
2022-02-07 16:26:51 DEBUG [DATASET] Example shape (X, y): (128, 128, 3), (3,)
2022-02-07 16:26:55 DEBUG [DATASET] apply: shuffle
2022-02-07 16:26:55 DEBUG [DATASET] Example shape (X, y): (128, 128, 3), (3,)
2022-02-07 16:26:58 DEBUG [DATASET] apply: batch
2022-02-07 16:26:58 DEBUG [DATASET] Example shape (X, y): (64, 128, 128, 3), (64, 3)
2022-02-07 16:27:00 DEBUG [DATASET] apply: batch
2022-02-07 16:27:00 DEBUG [DATASET] Test example shape (X, y): (64, 128, 128, 3), (64, 3)
2022-02-07 16:28:40 INFO [GITHUB] file "job.json" successfully uploaded to github.
2022-02-07 16:28:40 INFO [GDRIVE] file "job.json" uploaded to Google Drive.
2022-02-07 16:28:41 INFO [DATASET] Fold 0 loaded
2022-02-07 16:28:41 DEBUG [DATASET] apply: load_jpg
2022-02-07 16:28:41 DEBUG [DATASET] Example shape (X, y): (128, 128, 3), ()
2022-02-07 16:28:41 DEBUG [DATASET] apply: one_hot
2022-02-07 16:28:41 DEBUG [DATASET] Example shape (X, y): (128, 128, 3), (3,)
2022-02-07 16:28:44 DEBUG [DATASET] apply: shuffle
2022-02-07 16:28:44 DEBUG [DATASET] Example shape (X, y): (128, 128, 3), (3,)
2022-02-07 16:28:49 DEBUG [DATASET] apply: batch
2022-02-07 16:28:49 DEBUG [DATASET] Example shape (X, y): (64, 128, 128, 3), (64, 3)
2022-02-07 16:28:51 DEBUG [DATASET] apply: batch
2022-02-07 16:28:51 DEBUG [DATASET] Test example shape (X, y): (64, 128, 128, 3), (64, 3)
2022-02-07 16:37:43 INFO [GITHUB] file "job.json" successfully uploaded to github.
2022-02-07 16:37:43 INFO [GDRIVE] file "job.json" uploaded to Google Drive.
2022-02-07 16:37:44 INFO [DATASET] Fold 0 loaded
2022-02-07 16:37:44 DEBUG [DATASET] apply: load_jpg
2022-02-07 16:37:44 DEBUG [DATASET] Example shape (X, y): (128, 128, 3), ()
2022-02-07 16:37:44 DEBUG [DATASET] apply: one_hot
2022-02-07 16:37:44 DEBUG [DATASET] Example shape (X, y): (128, 128, 3), (3,)
2022-02-07 16:37:47 DEBUG [DATASET] apply: shuffle
2022-02-07 16:37:47 DEBUG [DATASET] Example shape (X, y): (128, 128, 3), (3,)
2022-02-07 16:37:52 DEBUG [DATASET] apply: batch
2022-02-07 16:37:52 DEBUG [DATASET] Example shape (X, y): (64, 128, 128, 3), (64, 3)
2022-02-07 16:37:53 DEBUG [DATASET] apply: batch
2022-02-07 16:37:53 DEBUG [DATASET] Test example shape (X, y): (64, 128, 128, 3), (64, 3)
2022-02-07 16:41:51 INFO [GITHUB] file "job.json" successfully uploaded to github.
2022-02-07 16:41:51 INFO [GDRIVE] file "job.json" uploaded to Google Drive.
2022-02-07 16:41:51 INFO [DATASET] Fold 0 loaded
2022-02-07 16:41:51 DEBUG [DATASET] apply: load_jpg
2022-02-07 16:41:51 DEBUG [DATASET] Example shape (X, y): (128, 128, 3), ()
2022-02-07 16:41:52 DEBUG [DATASET] apply: one_hot
2022-02-07 16:41:52 DEBUG [DATASET] Example shape (X, y): (128, 128, 3), (3,)
2022-02-07 16:41:55 DEBUG [DATASET] apply: shuffle
2022-02-07 16:41:55 DEBUG [DATASET] Example shape (X, y): (128, 128, 3), (3,)
2022-02-07 16:42:00 DEBUG [DATASET] apply: batch
2022-02-07 16:42:00 DEBUG [DATASET] Example shape (X, y): (64, 128, 128, 3), (64, 3)
2022-02-07 16:42:02 DEBUG [DATASET] apply: batch
2022-02-07 16:42:02 DEBUG [DATASET] Test example shape (X, y): (64, 128, 128, 3), (64, 3)
2022-02-07 16:42:11 INFO [TRAIN] Starting training loop
2022-02-07 17:08:06 INFO [TRAIN] Training finished without errors in 00:25:55.
